<?xml version="1.0" encoding="UTF-8"?>
<!-- Generated by org.testng.reporters.JUnitReportReporter -->
<testsuite hostname="ASHISH-DESKTOP" name="Senarios_Cases.VerifyAllTheSystemAndErrorMessagesOnUseAnExistingSiteWhenCreatingWebrootSite" tests="1" failures="0" timestamp="12 Feb 2017 16:46:51 GMT" time="123.029" errors="0">
  <testcase name="TC1_VerifyAlert_AWebrootsitewiththisnamealreadyexists" time="123.029" classname="Senarios_Cases.VerifyAllTheSystemAndErrorMessagesOnUseAnExistingSiteWhenCreatingWebrootSite"/>
</testsuite> <!-- Senarios_Cases.VerifyAllTheSystemAndErrorMessagesOnUseAnExistingSiteWhenCreatingWebrootSite -->
