<?xml version="1.0" encoding="UTF-8"?>
<!-- Generated by org.testng.reporters.JUnitReportReporter -->
<testsuite hostname="ASHISH-DESKTOP" name="Senarios_Cases1.VerifyAllLinksOnWLMpage" tests="1" failures="0" timestamp="12 Feb 2017 18:27:00 GMT" time="101.852" errors="0">
  <testcase name="TC2_ClickOnExportToExcel" time="101.852" classname="Senarios_Cases1.VerifyAllLinksOnWLMpage"/>
</testsuite> <!-- Senarios_Cases1.VerifyAllLinksOnWLMpage -->
