<?xml version="1.0" encoding="UTF-8"?>
<!-- Generated by org.testng.reporters.JUnitReportReporter -->
<testsuite hostname="ASHISH-DESKTOP" name="Senarios_Cases.CreationOfNewRMMSiteAlongWithWebrootSitesUsingITSPortal" tests="1" failures="0" timestamp="12 Feb 2017 14:30:04 GMT" time="78.749" errors="0">
  <testcase name="TC3_CreateRMMSitealongWithWebrootSiteforServerAndDesktopCareOption" time="78.749" classname="Senarios_Cases.CreationOfNewRMMSiteAlongWithWebrootSitesUsingITSPortal"/>
</testsuite> <!-- Senarios_Cases.CreationOfNewRMMSiteAlongWithWebrootSitesUsingITSPortal -->
