<?xml version="1.0" encoding="UTF-8"?>
<!-- Generated by org.testng.reporters.JUnitReportReporter -->
<testsuite hostname="ASHISH-DESKTOP" name="Senarios_Cases.CreationOfWebrootSitesUsingITSPortal" tests="1" failures="0" timestamp="12 Feb 2017 14:19:09 GMT" time="253.650" errors="0">
  <testcase name="TC3_CreateRMMSitealongWithWebrootSiteforServerAndDesktopCareOption" time="253.650" classname="Senarios_Cases.CreationOfWebrootSitesUsingITSPortal"/>
</testsuite> <!-- Senarios_Cases.CreationOfWebrootSitesUsingITSPortal -->
