<?xml version="1.0" encoding="UTF-8"?>
<!-- Generated by org.testng.reporters.JUnitReportReporter -->
<testsuite hostname="ASHISH-DESKTOP" name="Senarios_Cases.FirstTestCase" tests="1" failures="0" timestamp="12 Feb 2017 11:34:37 GMT" time="33.755" errors="0">
  <testcase name="TC2_CheckRedirectionToRMMSetupPage" time="33.755" classname="Senarios_Cases.FirstTestCase"/>
</testsuite> <!-- Senarios_Cases.FirstTestCase -->
