<?xml version="1.0" encoding="UTF-8"?>
<!-- Generated by org.testng.reporters.JUnitReportReporter -->
<testsuite hostname="ASHISH-DESKTOP" name="Senarios_Cases.ConvertingNonRMMSiteToRMMAlongWithCreationOfWebrootSitesUsingITSPortal" tests="1" failures="0" timestamp="12 Feb 2017 15:00:39 GMT" time="212.153" errors="0">
  <testcase name="TC3_ConvertingNonRMMSiteToRMMAlongWithCreationOfWebrootSitesForDesktopAndServerCareOption" time="212.153" classname="Senarios_Cases.ConvertingNonRMMSiteToRMMAlongWithCreationOfWebrootSitesUsingITSPortal"/>
</testsuite> <!-- Senarios_Cases.ConvertingNonRMMSiteToRMMAlongWithCreationOfWebrootSitesUsingITSPortal -->
